<?xml version="1.0" encoding="UTF-8"?>
<!-- Generated by org.testng.reporters.JUnitReportReporter -->
<testsuite hostname="DESKTOP-EMCJ30D" failures="0" tests="2" name="runners.TestRunner" time="32.622" errors="0" timestamp="2024-09-06T16:33:31 IST" skipped="0">
  <testcase classname="runners.TestRunner" name="runScenario" time="12.065"/>
  <system-out/>
  <testcase classname="runners.TestRunner" name="runScenario" time="20.557"/>
  <system-out/>
</testsuite> <!-- runners.TestRunner -->
