<?xml version="1.0" encoding="UTF-8"?>
<!-- Generated by org.testng.reporters.JUnitReportReporter -->
<testsuite hostname="DESKTOP-EMCJ30D" failures="0" tests="2" name="runners.TestRunner" time="32.816" errors="0" timestamp="2024-09-06T17:15:17 IST" skipped="0">
  <testcase classname="runners.TestRunner" name="runScenario" time="16.607"/>
  <system-out/>
  <testcase classname="runners.TestRunner" name="runScenario" time="16.209"/>
  <system-out/>
</testsuite> <!-- runners.TestRunner -->
